{"changes": {}, "event": "Config saved", "timestamp": "2025-08-15T09:24:26.759485Z", "level": "info", "logger": "forms.frm_config"}
{"changes": {}, "event": "Config saved", "timestamp": "2025-08-15T09:25:04.315467Z", "level": "info", "logger": "forms.frm_config"}
{"changes": {"mon_date_col": [0, 1]}, "event": "Config saved", "timestamp": "2025-08-15T09:30:39.699005Z", "level": "info", "logger": "forms.frm_config"}
{"changes": {"mon_date_col": "old value=1, new_value=2"}, "event": "Config saved", "timestamp": "2025-08-15T09:34:23.825451Z", "level": "info", "logger": "forms.frm_config"}
{"changes": {"main_sheet": "old value=Main, new_value=MainA", "directors_sheet": "old value=Directors, new_value=DirectorsA"}, "event": "Config saved", "timestamp": "2025-08-15T09:34:46.042302Z", "level": "info", "logger": "forms.frm_config"}
{"changes": {"main_sheet": "(old value=MainA, new_value=Main)", "directors_sheet": "(old value=DirectorsA, new_value=Directors)", "mon_date_col": "(old value=2, new_value=1)"}, "event": "Config saved", "timestamp": "2025-08-15T09:35:51.862234Z", "level": "info", "logger": "forms.frm_config"}
{"changes": {"main_sheet": "(old value=Main, new_value=MainA)"}, "event": "Config saved", "timestamp": "2025-08-15T09:42:15.941679Z", "level": "info", "logger": "forms.frm_config"}
{"changes": {"main_sheet": "(old value=MainA, new_value=Main)"}, "event": "Config saved", "timestamp": "2025-08-15T09:49:01.349111Z", "level": "info", "logger": "forms.frm_config"}
{"changes": {"directors_sheet": "(old value=Directors, new_value=Directorsdfg)"}, "event": "Config saved", "timestamp": "2025-08-15T09:50:04.455650Z", "level": "info", "logger": "forms.frm_config"}
{"changes": {"directors_sheet": "(old value=Directorsdfg, new_value=Directors )", "send_emails": "(old value=True, new_value=False)"}, "event": "Config saved", "timestamp": "2025-08-15T09:50:26.302449Z", "level": "info", "logger": "forms.frm_config"}
{"changes": {"send_emails": "(old value=False, new_value=True)"}, "event": "Config saved", "timestamp": "2025-08-15T09:50:48.958892Z", "level": "info", "logger": "forms.frm_config"}
{"changes": {"send_emails": "(old value=True, new_value=False)"}, "event": "Config saved", "timestamp": "2025-08-15T10:40:08.661819Z", "level": "info", "logger": "forms.frm_config"}
{"changes": {"send_emails": "(old value=False, new_value=True)"}, "event": "Config saved", "timestamp": "2025-08-15T10:40:17.022099Z", "level": "info", "logger": "forms.frm_config"}
{"changes": {"send_emails": "(old value=True, new_value=False)"}, "event": "Config saved", "timestamp": "2025-08-15T15:47:01.202231Z", "level": "info", "logger": "forms.frm_config"}
{"changes": {"send_emails": "(old value=False, new_value=True)"}, "event": "Config saved", "timestamp": "2025-08-15T15:47:14.736122Z", "level": "info", "logger": "forms.frm_config"}
{"changes": {"send_emails": "(old value=True, new_value=False)"}, "event": "Config saved", "timestamp": "2025-08-15T16:06:34.003118Z", "level": "info", "logger": "forms.frm_config"}
{"changes": {"send_emails": "(old value=False, new_value=True)"}, "event": "Config saved", "timestamp": "2025-08-15T16:06:42.866201Z", "level": "info", "logger": "forms.frm_config"}
{"changes": {"directors_sheet": "(old value=Directors , new_value=Directors)"}, "event": "Config saved", "timestamp": "2025-08-16T11:30:52.099388Z", "level": "info", "logger": "forms.frm_config"}
{"event": "Workbook not found at /home/jeff/Downloads/directors-rota.xlsx/r", "timestamp": "2025-08-16T11:57:15.415298Z", "level": "error", "logger": "directors_rota.process"}
{"event": "Workbook not found at /home/jeff/Downloads/directors-rota.xlsx/r", "timestamp": "2025-08-16T11:57:24.900062Z", "level": "error", "logger": "directors_rota.process"}
{"event": "Workbook not found at /home/jeff/Downloads/directors-rota.xlsx/r", "timestamp": "2025-08-16T11:58:49.370361Z", "level": "error", "logger": "directors_rota.process"}
{"event": "Workbook not found at /home/jeff/Downloads/directors-rota.xlsx/r", "timestamp": "2025-08-16T11:59:18.250498Z", "level": "error", "logger": "directors_rota.process"}
{"event": "Sheet Main missing in Workbook", "timestamp": "2025-08-16T12:01:59.535080Z", "level": "error", "logger": "directors_rota.process"}
{"event": "Sheet Main missing in Workbook", "timestamp": "2025-08-16T12:03:21.032991Z", "level": "error", "logger": "directors_rota.process"}
{"event": "Sheet 'Main' missing in Workbook", "timestamp": "2025-08-16T14:03:55.217372Z", "level": "error", "logger": "directors_rota.process"}
{"event": "Sheet 'Directors' missing in Workbook", "timestamp": "2025-08-16T14:04:56.941140Z", "level": "error", "logger": "directors_rota.process"}
{"changes": {"mon_date_col": "(old value=1, new_value=0)"}, "event": "Config saved", "timestamp": "2025-08-16T14:15:49.504585Z", "level": "info", "logger": "forms.frm_config"}
{"event": "No director defined for for 11 Aug 2025", "timestamp": "2025-08-16T14:25:01.013178Z", "level": "warning", "logger": "directors_rota.process"}
{"event": "No director name defined for for 11 Aug 2025", "timestamp": "2025-08-16T14:25:34.064701Z", "level": "warning", "logger": "directors_rota.process"}
{"event": "Invalid director name defined for for 11 Aug 2025", "timestamp": "2025-08-16T14:26:29.826760Z", "level": "warning", "logger": "directors_rota.process"}
{"event": "Invalid director name defined for 'Jws' for 11 Aug 2025", "timestamp": "2025-08-16T14:28:26.311782Z", "level": "warning", "logger": "directors_rota.process"}
{"event": "Email sent to b.pilbin@btinternet.com", "timestamp": "2025-08-16T14:49:50.787828Z", "level": "info", "logger": "emails"}
{"event": "Email sent to alison.pitk124@ntlworld.com", "timestamp": "2025-08-16T14:49:51.819809Z", "level": "info", "logger": "emails"}
{"event": "Email sent to iris.foweather@gmail.com", "timestamp": "2025-08-16T14:49:53.757880Z", "level": "info", "logger": "emails"}
{"event": "Email sent to john.g.edwards@talktalk.net", "timestamp": "2025-08-16T14:49:54.884081Z", "level": "info", "logger": "emails"}
{"event": "Email sent to john_radford@rocketmail.com", "timestamp": "2025-08-16T14:49:56.107598Z", "level": "info", "logger": "emails"}
{"event": "Email sent to jeffwatkins2000@gmail.com", "timestamp": "2025-08-16T14:49:57.263505Z", "level": "info", "logger": "emails"}
{"event": "Email sent to lynne.marlow@ntlworld.com", "timestamp": "2025-08-16T14:49:58.571571Z", "level": "info", "logger": "emails"}
{"event": "Email sent to ross@rattys.co.uk", "timestamp": "2025-08-16T14:49:59.700278Z", "level": "info", "logger": "emails"}
{"changes": {"script_directory": ["/home/jeff/.scripts", "/home/jeff/.scriptsd"]}, "event": "Config saved", "timestamp": "2025-09-03T13:26:46.655052Z", "level": "info", "logger": "forms.frm_config"}
{"changes": {"script_directory": ["/home/jeff/.scriptsd", ["/home/jeff/.scriptsd", "/home/jeff/.scripts"]]}, "event": "Config saved", "timestamp": "2025-09-03T13:28:40.824304Z", "level": "info", "logger": "forms.frm_config"}
{"changes": {"data_directory": ["/home/jeff/.local/share/package_build", ["/home/jeff/.local/share/package_build", "/home/jeff/.local/share/package_buildi"]], "script_directory": ["('/home/jeff/.scriptsd', '/home/jeff/.scripts')", ["('/home/jeff/.scriptsd', '/home/jeff/.scripts')", "/home/jeff/.scripts"]]}, "event": "Config saved", "timestamp": "2025-09-03T13:28:45.134275Z", "level": "info", "logger": "forms.frm_config"}
{"changes": {"data_directory": ["('/home/jeff/.local/share/package_build', '/home/jeff/.local/share/package_buildi')", ["('/home/jeff/.local/share/package_build', '/home/jeff/.local/share/package_buildi')", "/home/jeff/.local/share/package_build"]], "script_directory": ["(\"('/home/jeff/.scriptsd', '/home/jeff/.scripts')\", '/home/jeff/.scripts')", ["(\"('/home/jeff/.scriptsd', '/home/jeff/.scripts')\", '/home/jeff/.scripts')", "/home/jeff/.scripts"]], "ignore": [["__pycache__"], ["__pycache__", "jkl"]]}, "event": "Config saved", "timestamp": "2025-09-03T13:28:52.534140Z", "level": "info", "logger": "forms.frm_config"}
{"changes": {"ignore": [["__pycache__", "jkl"], ["__pycache__"]]}, "event": "Config saved", "timestamp": "2025-09-03T13:30:09.444779Z", "level": "info", "logger": "forms.frm_config"}
{"changes": {"script_directory": ["('(\"(\\'/home/jeff/.scriptsd\\', \\'/home/jeff/.scripts\\')\", \\'/home/jeff/.scripts\\')', '/home/jeff/.scripts')", ["('(\"(\\'/home/jeff/.scriptsd\\', \\'/home/jeff/.scripts\\')\", \\'/home/jeff/.scripts\\')', '/home/jeff/.scripts')", "/home/jeff/.scripts"]]}, "event": "Config saved", "timestamp": "2025-09-03T13:30:39.917893Z", "level": "info", "logger": "forms.frm_config"}
{"changes": {"data_directory": ["(\"('/home/jeff/.local/share/package_build', '/home/jeff/.local/share/package_buildi')\", '/home/jeff/.local/share/package_build')", ["(\"('/home/jeff/.local/share/package_build', '/home/jeff/.local/share/package_buildi')\", '/home/jeff/.local/share/package_build')", "/home/jeff/.local/share/package_build"]], "script_directory": ["('(\\'(\"(\\\\\\'/home/jeff/.scriptsd\\\\\\', \\\\\\'/home/jeff/.scripts\\\\\\')\", \\\\\\'/home/jeff/.scripts\\\\\\')\\', \\'/home/jeff/.scripts\\')', '/home/jeff/.scripts')", ["('(\\'(\"(\\\\\\'/home/jeff/.scriptsd\\\\\\', \\\\\\'/home/jeff/.scripts\\\\\\')\", \\\\\\'/home/jeff/.scripts\\\\\\')\\', \\'/home/jeff/.scripts\\')', '/home/jeff/.scripts')", "/home/jeff/.scripts"]]}, "event": "Config saved", "timestamp": "2025-09-03T13:31:18.937771Z", "level": "info", "logger": "forms.frm_config"}
{"changes": {"script_directory": ["('(\\'(\\\\\\'(\"(\\\\\\\\\\\\\\'/home/jeff/.scriptsd\\\\\\\\\\\\\\', \\\\\\\\\\\\\\'/home/jeff/.scripts\\\\\\\\\\\\\\')\", \\\\\\\\\\\\\\'/home/jeff/.scripts\\\\\\\\\\\\\\')\\\\\\', \\\\\\'/home/jeff/.scripts\\\\\\')\\', \\'/home/jeff/.scripts\\')', '/home/jeff/.scripts')", ["('(\\'(\\\\\\'(\"(\\\\\\\\\\\\\\'/home/jeff/.scriptsd\\\\\\\\\\\\\\', \\\\\\\\\\\\\\'/home/jeff/.scripts\\\\\\\\\\\\\\')\", \\\\\\\\\\\\\\'/home/jeff/.scripts\\\\\\\\\\\\\\')\\\\\\', \\\\\\'/home/jeff/.scripts\\\\\\')\\', \\'/home/jeff/.scripts\\')', '/home/jeff/.scripts')", "/home/jeff/.scripts"]]}, "event": "Config saved", "timestamp": "2025-09-03T13:33:04.848175Z", "level": "info", "logger": "forms.frm_config"}
{"changes": {"script_directory": "(old value=('(\\'(\\\\\\'(\\\\\\\\\\\\\\'(\"(\\\\\\\\\\\\\\\\\\\\\\\\\\\\\\'/home/jeff/.scriptsd\\\\\\\\\\\\\\\\\\\\\\\\\\\\\\', \\\\\\\\\\\\\\\\\\\\\\\\\\\\\\'/home/jeff/.scripts\\\\\\\\\\\\\\\\\\\\\\\\\\\\\\')\", \\\\\\\\\\\\\\\\\\\\\\\\\\\\\\'/home/jeff/.scripts\\\\\\\\\\\\\\\\\\\\\\\\\\\\\\')\\\\\\\\\\\\\\', \\\\\\\\\\\\\\'/home/jeff/.scripts\\\\\\\\\\\\\\')\\\\\\', \\\\\\'/home/jeff/.scripts\\\\\\')\\', \\'/home/jeff/.scripts\\')', '/home/jeff/.scripts'), new_value=/home/jeff/.scripts)"}, "event": "Config saved", "timestamp": "2025-09-03T13:36:31.228159Z", "level": "info", "logger": "forms.frm_config"}
{"changes": {"data_directory": "(old value=('(\"(\\'/home/jeff/.local/share/package_build\\', \\'/home/jeff/.local/share/package_buildi\\')\", \\'/home/jeff/.local/share/package_build\\')', '/home/jeff/.local/share/package_build'), new_value=/home/jeff)"}, "event": "Config saved", "timestamp": "2025-09-03T13:36:48.885144Z", "level": "info", "logger": "forms.frm_config"}
{"changes": {"data_directory": "(old value=/home/jeff, new_value=/home/jeff/.local/share/package_build)"}, "event": "Config saved", "timestamp": "2025-09-03T13:37:34.774452Z", "level": "info", "logger": "forms.frm_config"}
{"changes": {"author": "(old value=Jeff Watkins, new_value=Jeff Watkinsd)"}, "event": "Config saved", "timestamp": "2025-09-03T13:42:07.421256Z", "level": "info", "logger": "forms.frm_config"}
{"changes": {"author": "(old value=Jeff Watkinsd, new_value=Jeff Watkins)"}, "event": "Config saved", "timestamp": "2025-09-03T13:42:23.268293Z", "level": "info", "logger": "windows_converter.forms.frm_config"}
